# JRE version: OpenJDK Runtime Environment (17.0.7) (build 17.0.7+0-b2043.56-10550314)
# Java VM: OpenJDK 64-Bit Server VM (17.0.7+0-b2043.56-10550314, mixed mode, tiered, compressed oops, compressed class ptrs, g1 gc, windows-amd64)
GC Precious Log:
 CPUs: 8 total, 8 available
 Memory: 16124M
 Large Page Support: Disabled
 NUMA Support: Disabled
 Compressed Oops: Enabled (32-bit)
 Heap Region Size: 1M
 Heap Min Capacity: 8M
 Heap Initial Capacity: 252M
 Heap Max Capacity: 2G
 Pre-touch: Disabled
 Parallel Workers: 8
 Concurrent Workers: 2
 Concurrent Refinement Workers: 8
 Periodic GC: Disabled
Heap:
 garbage-first heap   total 373760K, used 241688K [0x0000000080000000, 0x0000000100000000)
  region size 1024K, 62 young (63488K), 3 survivors (3072K)
 Metaspace       used 143298K, committed 144320K, reserved 1179648K
  class space    used 19430K, committed 19904K, reserved 1048576K
GC Heap History (20 events):
Event: 42.161 GC heap before
{Heap before GC invocations=56 (full 0):
 garbage-first heap   total 343040K, used 294421K [0x0000000080000000, 0x0000000100000000)
  region size 1024K, 84 young (86016K), 5 survivors (5120K)
 Metaspace       used 133666K, committed 134592K, reserved 1179648K
  class space    used 18465K, committed 18944K, reserved 1048576K
}
Event: 42.166 GC heap after
{Heap after GC invocations=57 (full 0):
 garbage-first heap   total 343040K, used 209769K [0x0000000080000000, 0x0000000100000000)
  region size 1024K, 4 young (4096K), 4 survivors (4096K)
 Metaspace       used 133666K, committed 134592K, reserved 1179648K
  class space    used 18465K, committed 18944K, reserved 1048576K
}
Event: 43.285 GC heap before
{Heap before GC invocations=57 (full 0):
 garbage-first heap   total 343040K, used 249705K [0x0000000080000000, 0x0000000100000000)
  region size 1024K, 29 young (29696K), 4 survivors (4096K)
 Metaspace       used 135392K, committed 136256K, reserved 1179648K
  class space    used 18684K, committed 19136K, reserved 1048576K
}
Event: 43.290 GC heap after
{Heap after GC invocations=58 (full 0):
 garbage-first heap   total 343040K, used 224256K [0x0000000080000000, 0x0000000100000000)
  region size 1024K, 4 young (4096K), 4 survivors (4096K)
 Metaspace       used 135392K, committed 136256K, reserved 1179648K
  class space    used 18684K, committed 19136K, reserved 1048576K
}
Event: 43.341 GC heap before
{Heap before GC invocations=58 (full 0):
 garbage-first heap   total 343040K, used 238592K [0x0000000080000000, 0x0000000100000000)
  region size 1024K, 5 young (5120K), 4 survivors (4096K)
 Metaspace       used 135392K, committed 136256K, reserved 1179648K
  class space    used 18684K, committed 19136K, reserved 1048576K
}
Event: 43.347 GC heap after
{Heap after GC invocations=59 (full 0):
 garbage-first heap   total 343040K, used 236714K [0x0000000080000000, 0x0000000100000000)
  region size 1024K, 5 young (5120K), 5 survivors (5120K)
 Metaspace       used 135392K, committed 136256K, reserved 1179648K
  class space    used 18684K, committed 19136K, reserved 1048576K
}
Event: 43.349 GC heap before
{Heap before GC invocations=59 (full 0):
 garbage-first heap   total 343040K, used 238762K [0x0000000080000000, 0x0000000100000000)
  region size 1024K, 6 young (6144K), 5 survivors (5120K)
 Metaspace       used 135392K, committed 136256K, reserved 1179648K
  class space    used 18684K, committed 19136K, reserved 1048576K
}
Event: 43.354 GC heap after
{Heap after GC invocations=60 (full 0):
 garbage-first heap   total 343040K, used 236719K [0x0000000080000000, 0x0000000100000000)
  region size 1024K, 5 young (5120K), 5 survivors (5120K)
 Metaspace       used 135392K, committed 136256K, reserved 1179648K
  class space    used 18684K, committed 19136K, reserved 1048576K
}
Event: 518.696 GC heap before
{Heap before GC invocations=61 (full 0):
 garbage-first heap   total 373760K, used 281775K [0x0000000080000000, 0x0000000100000000)
  region size 1024K, 64 young (65536K), 5 survivors (5120K)
 Metaspace       used 140192K, committed 141120K, reserved 1179648K
  class space    used 19141K, committed 19584K, reserved 1048576K
}
Event: 518.701 GC heap after
{Heap after GC invocations=62 (full 0):
 garbage-first heap   total 373760K, used 186807K [0x0000000080000000, 0x0000000100000000)
  region size 1024K, 4 young (4096K), 4 survivors (4096K)
 Metaspace       used 140192K, committed 141120K, reserved 1179648K
  class space    used 19141K, committed 19584K, reserved 1048576K
}
Event: 1205.697 GC heap before
{Heap before GC invocations=62 (full 0):
 garbage-first heap   total 373760K, used 201143K [0x0000000080000000, 0x0000000100000000)
  region size 1024K, 18 young (18432K), 4 survivors (4096K)
 Metaspace       used 140271K, committed 141184K, reserved 1179648K
  class space    used 19141K, committed 19584K, reserved 1048576K
}
Event: 1205.701 GC heap after
{Heap after GC invocations=63 (full 0):
 garbage-first heap   total 373760K, used 172123K [0x0000000080000000, 0x0000000100000000)
  region size 1024K, 2 young (2048K), 2 survivors (2048K)
 Metaspace       used 140271K, committed 141184K, reserved 1179648K
  class space    used 19141K, committed 19584K, reserved 1048576K
}
Event: 1849.409 GC heap before
{Heap before GC invocations=63 (full 0):
 garbage-first heap   total 373760K, used 325723K [0x0000000080000000, 0x0000000100000000)
  region size 1024K, 152 young (155648K), 2 survivors (2048K)
 Metaspace       used 141116K, committed 142080K, reserved 1179648K
  class space    used 19174K, committed 19648K, reserved 1048576K
}
Event: 1849.427 GC heap after
{Heap after GC invocations=64 (full 0):
 garbage-first heap   total 373760K, used 185120K [0x0000000080000000, 0x0000000100000000)
  region size 1024K, 15 young (15360K), 15 survivors (15360K)
 Metaspace       used 141116K, committed 142080K, reserved 1179648K
  class space    used 19174K, committed 19648K, reserved 1048576K
}
Event: 1863.184 GC heap before
{Heap before GC invocations=64 (full 0):
 garbage-first heap   total 373760K, used 241440K [0x0000000080000000, 0x0000000100000000)
  region size 1024K, 72 young (73728K), 15 survivors (15360K)
 Metaspace       used 142569K, committed 143552K, reserved 1179648K
  class space    used 19376K, committed 19840K, reserved 1048576K
}
Event: 1863.194 GC heap after
{Heap after GC invocations=65 (full 0):
 garbage-first heap   total 373760K, used 188006K [0x0000000080000000, 0x0000000100000000)
  region size 1024K, 4 young (4096K), 4 survivors (4096K)
 Metaspace       used 142569K, committed 143552K, reserved 1179648K
  class space    used 19376K, committed 19840K, reserved 1048576K
}
Event: 2579.523 GC heap before
{Heap before GC invocations=66 (full 0):
 garbage-first heap   total 373760K, used 340582K [0x0000000080000000, 0x0000000100000000)
  region size 1024K, 121 young (123904K), 4 survivors (4096K)
 Metaspace       used 142976K, committed 143936K, reserved 1179648K
  class space    used 19390K, committed 19840K, reserved 1048576K
}
Event: 2579.540 GC heap after
{Heap after GC invocations=67 (full 0):
 garbage-first heap   total 373760K, used 190486K [0x0000000080000000, 0x0000000100000000)
  region size 1024K, 11 young (11264K), 11 survivors (11264K)
 Metaspace       used 142976K, committed 143936K, reserved 1179648K
  class space    used 19390K, committed 19840K, reserved 1048576K
}
Event: 2579.619 GC heap before
{Heap before GC invocations=67 (full 0):
 garbage-first heap   total 373760K, used 197654K [0x0000000080000000, 0x0000000100000000)
  region size 1024K, 18 young (18432K), 11 survivors (11264K)
 Metaspace       used 142991K, committed 144000K, reserved 1179648K
  class space    used 19390K, committed 19840K, reserved 1048576K
}
Event: 2579.641 GC heap after
{Heap after GC invocations=68 (full 0):
 garbage-first heap   total 373760K, used 183320K [0x0000000080000000, 0x0000000100000000)
  region size 1024K, 3 young (3072K), 3 survivors (3072K)
 Metaspace       used 142991K, committed 144000K, reserved 1179648K
  class space    used 19390K, committed 19840K, reserved 1048576K
}

